\BOOKMARK [1][-]{section.1}{Introduction}{}% 1
\BOOKMARK [2][-]{subsection.1.1}{Background}{section.1}% 2
\BOOKMARK [2][-]{subsection.1.2}{ISO11179}{section.1}% 3
\BOOKMARK [2][-]{subsection.1.3}{Related Work}{section.1}% 4
\BOOKMARK [2][-]{subsection.1.4}{Objectives}{section.1}% 5
\BOOKMARK [1][-]{section.2}{The Models Language and Architecture}{}% 6
\BOOKMARK [1][-]{section.3}{Metadata Registries - An Overview of Standards and Ideas}{}% 7
\BOOKMARK [2][-]{subsection.3.1}{ISO11179}{section.3}% 8
\BOOKMARK [2][-]{subsection.3.2}{A Metadata Language and Abstract Architecture }{section.3}% 9
\BOOKMARK [3][-]{subsubsection.3.2.1}{Model}{subsection.3.2}% 10
\BOOKMARK [3][-]{subsubsection.3.2.2}{Class}{subsection.3.2}% 11
\BOOKMARK [2][-]{subsection.3.3}{Data Elements}{section.3}% 12
\BOOKMARK [2][-]{subsection.3.4}{Value Domain}{section.3}% 13
\BOOKMARK [2][-]{subsection.3.5}{ValueSpec}{section.3}% 14
\BOOKMARK [1][-]{section.4}{Implementation}{}% 15
\BOOKMARK [2][-]{subsection.4.1}{Modelling Overview}{section.4}% 16
\BOOKMARK [1][-]{section.5}{Experience}{}% 17
\BOOKMARK [2][-]{subsection.5.1}{NHIC}{section.5}% 18
\BOOKMARK [2][-]{subsection.5.2}{Genomics England - reuse of HIC Models}{section.5}% 19
\BOOKMARK [2][-]{subsection.5.3}{Genomics England - deployment}{section.5}% 20
\BOOKMARK [1][-]{section.6}{Conclusion }{}% 21
\BOOKMARK [2][-]{subsection.6.1}{Ongoing work}{section.6}% 22
